<?xml version="1.0" encoding="UTF-8"?>
<testsuite xmlns:xsi="http://www.w3.org/2001/XMLSchema-instance" xsi:noNamespaceSchemaLocation="https://maven.apache.org/surefire/maven-surefire-plugin/xsd/surefire-test-report-3.0.xsd" version="3.0" name="fooddelivery.model.OrderTest" time="0.001" tests="6" errors="0" skipped="0" failures="0">
  <properties>
[...]
</properties>
  <testcase name="testSetGetOrderId" classname="fooddelivery.model.OrderTest" time="0.0"/>
  <testcase name="testSetGetCustomerId" classname="fooddelivery.model.OrderTest" time="0.0"/>
  <testcase name="testSetGetItems" classname="fooddelivery.model.OrderTest" time="0.0"/>
  <testcase name="testSetGetStatus" classname="fooddelivery.model.OrderTest" time="0.0"/>
  <testcase name="testSetGetTotalCost" classname="fooddelivery.model.OrderTest" time="0.0"/>
  <testcase name="testSetGetRestaurantId" classname="fooddelivery.model.OrderTest" time="0.0"/>
</testsuite>